[debug] [2024-02-07T03:51:40.606Z] ----------------------------------------------------------------------
[debug] [2024-02-07T03:51:40.609Z] Command:       C:\Program Files\nodejs\node.exe C:\Users\wilder poma flores\AppData\Roaming\npm\node_modules\firebase-tools\lib\bin\firebase.js init
[debug] [2024-02-07T03:51:40.610Z] CLI Version:   13.2.0
[debug] [2024-02-07T03:51:40.611Z] Platform:      win32
[debug] [2024-02-07T03:51:40.612Z] Node Version:  v18.3.0
[debug] [2024-02-07T03:51:40.614Z] Time:          Tue Feb 06 2024 23:51:40 GMT-0400 (GMT-04:00)
[debug] [2024-02-07T03:51:40.615Z] ----------------------------------------------------------------------
[debug] 
[debug] [2024-02-07T03:51:40.632Z] > command requires scopes: ["email","openid","https://www.googleapis.com/auth/cloudplatformprojects.readonly","https://www.googleapis.com/auth/firebase","https://www.googleapis.com/auth/cloud-platform"]
[debug] [2024-02-07T03:51:40.634Z] > authorizing via signed-in user (digital.wild.kit@gmail.com)
[info] 
     ######## #### ########  ######## ########     ###     ######  ########
     ##        ##  ##     ## ##       ##     ##  ##   ##  ##       ##
     ######    ##  ########  ######   ########  #########  ######  ######
     ##        ##  ##    ##  ##       ##     ## ##     ##       ## ##
     ##       #### ##     ## ######## ########  ##     ##  ######  ########

You're about to initialize a Firebase project in this directory:

  C:\Users\wilder poma flores\Documents\MI REPOSITORIO\digital-kids\web01-1000actividades

[info] 
=== Project Setup
[info] 
[info] First, let's associate this project directory with a Firebase project.
[info] You can create multiple project aliases by running firebase use --add, 
[info] but for now we'll just set up a default project.
[info] 
[debug] [2024-02-07T03:53:04.000Z] >>> [apiv2][query] GET https://firebase.googleapis.com/v1beta1/projects pageSize=100
[debug] [2024-02-07T03:53:04.855Z] <<< [apiv2][status] GET https://firebase.googleapis.com/v1beta1/projects 200
[debug] [2024-02-07T03:53:04.856Z] <<< [apiv2][body] GET https://firebase.googleapis.com/v1beta1/projects [omitted]
[info] i  Using project mil-actividades (mil-actividades) 
[info] 
=== Hosting Setup
[debug] [2024-02-07T03:53:06.697Z] >>> [apiv2][query] GET https://firebase.googleapis.com/v1beta1/projects/mil-actividades [none]
[debug] [2024-02-07T03:53:07.239Z] <<< [apiv2][status] GET https://firebase.googleapis.com/v1beta1/projects/mil-actividades 200
[debug] [2024-02-07T03:53:07.239Z] <<< [apiv2][body] GET https://firebase.googleapis.com/v1beta1/projects/mil-actividades {"projectId":"mil-actividades","projectNumber":"23363804400","displayName":"mil-actividades","name":"projects/mil-actividades","resources":{"hostingSite":"mil-actividades"},"state":"ACTIVE","etag":"1_a87baed0-331e-4afa-a7f6-715528cdd754"}
[info] 
[info] Your public directory is the folder (relative to your project directory) that
[info] will contain Hosting assets to be uploaded with firebase deploy. If you
[info] have a build process for your assets, use your build's output directory.
[info] 
[info] +  Wrote public/404.html 
[debug] [2024-02-07T03:53:40.930Z] >>> [apiv2][query] GET https://www.gstatic.com/firebasejs/releases.json [none]
[debug] [2024-02-07T03:53:41.397Z] <<< [apiv2][status] GET https://www.gstatic.com/firebasejs/releases.json 200
[debug] [2024-02-07T03:53:41.397Z] <<< [apiv2][body] GET https://www.gstatic.com/firebasejs/releases.json {"current":{"version":"10.8.0","browserURL":"https://www.gstatic.com/firebasejs/10.8.0/firebase.js","packageURL":"https://www.gstatic.com/firebasejs/10.8.0/firebase.tgz"},"live":{"version":"10.8","browserURL":"https://www.gstatic.com/firebasejs/live/10.8/firebase.js","packageURL":"https://www.gstatic.com/firebasejs/live/10.8/firebase.tgz"},"components":{"analytics":"https://www.gstatic.com/firebasejs/10.8.0/firebase-analytics.js","app":"https://www.gstatic.com/firebasejs/10.8.0/firebase-app.js","app-check":"https://www.gstatic.com/firebasejs/10.8.0/firebase-app-check.js","auth":"https://www.gstatic.com/firebasejs/10.8.0/firebase-auth.js","auth/cordova":"https://www.gstatic.com/firebasejs/10.8.0/firebase-auth/cordova.js","auth/web-extension":"https://www.gstatic.com/firebasejs/10.8.0/firebase-auth/web-extension.js","functions":"https://www.gstatic.com/firebasejs/10.8.0/firebase-functions.js","firestore":"https://www.gstatic.com/firebasejs/10.8.0/firebase-firestore.js","firestore/lite":"https://www.gstatic.com/firebasejs/10.8.0/firebase-firestore/lite.js","installations":"https://www.gstatic.com/firebasejs/10.8.0/firebase-installations.js","storage":"https://www.gstatic.com/firebasejs/10.8.0/firebase-storage.js","performance":"https://www.gstatic.com/firebasejs/10.8.0/firebase-performance.js","remote-config":"https://www.gstatic.com/firebasejs/10.8.0/firebase-remote-config.js","messaging":"https://www.gstatic.com/firebasejs/10.8.0/firebase-messaging.js","messaging/sw":"https://www.gstatic.com/firebasejs/10.8.0/firebase-messaging/sw.js","database":"https://www.gstatic.com/firebasejs/10.8.0/firebase-database.js","firestore.memory":"https://www.gstatic.com/firebasejs/10.8.0/firebase-firestore.memory.js"}}
[info] i  Skipping write of public/index.html 
[info] 
[info] i  Detected a .git folder at C:\Users\wilder poma flores\Documents\MI REPOSITORIO\digital-kids\web01-1000actividades 
[info] i  Authorizing with GitHub to upload your service account to a GitHub repository's secrets store. 
[info] 
[info] Visit this URL on this device to log in:
[info] https://github.com/login/oauth/authorize?client_id=89cf50f02ac6aaed3484&state=371799422&redirect_uri=http%3A%2F%2Flocalhost%3A9005&scope=read%3Auser%20repo%20public_repo
[info] 
[info] Waiting for authentication...
[debug] [2024-02-07T03:54:20.340Z] >>> [apiv2][query] POST https://github.com/login/oauth/access_token [none]
[debug] [2024-02-07T03:54:20.340Z] >>> [apiv2][body] POST https://github.com/login/oauth/access_token [stream]
[debug] [2024-02-07T03:54:20.992Z] <<< [apiv2][status] POST https://github.com/login/oauth/access_token 200
[debug] [2024-02-07T03:54:20.992Z] <<< [apiv2][body] POST https://github.com/login/oauth/access_token {"access_token":"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","token_type":"bearer","scope":"read:user,repo"}
[debug] [2024-02-07T03:54:21.005Z] >>> [apiv2][query] GET https://api.github.com/user [none]
[debug] [2024-02-07T03:54:21.687Z] <<< [apiv2][status] GET https://api.github.com/user 200
[debug] [2024-02-07T03:54:21.688Z] <<< [apiv2][body] GET https://api.github.com/user {"login":"wild-wild","id":85649758,"node_id":"MDQ6VXNlcjg1NjQ5NzU4","avatar_url":"https://avatars.githubusercontent.com/u/85649758?v=4","gravatar_id":"","url":"https://api.github.com/users/wild-wild","html_url":"https://github.com/wild-wild","followers_url":"https://api.github.com/users/wild-wild/followers","following_url":"https://api.github.com/users/wild-wild/following{/other_user}","gists_url":"https://api.github.com/users/wild-wild/gists{/gist_id}","starred_url":"https://api.github.com/users/wild-wild/starred{/owner}{/repo}","subscriptions_url":"https://api.github.com/users/wild-wild/subscriptions","organizations_url":"https://api.github.com/users/wild-wild/orgs","repos_url":"https://api.github.com/users/wild-wild/repos","events_url":"https://api.github.com/users/wild-wild/events{/privacy}","received_events_url":"https://api.github.com/users/wild-wild/received_events","type":"User","site_admin":false,"name":"wild","company":null,"blog":"","location":null,"email":null,"hireable":null,"bio":"Estudiante de sistemas informáticos","twitter_username":null,"public_repos":10,"public_gists":0,"followers":1,"following":6,"created_at":"2021-06-09T21:35:21Z","updated_at":"2024-01-23T22:57:46Z","private_gists":0,"total_private_repos":12,"owned_private_repos":12,"disk_usage":475149,"collaborators":7,"two_factor_authentication":false,"plan":{"name":"free","space":976562499,"collaborators":0,"private_repos":10000}}
[info] 
[info] +  Success! Logged into GitHub as wild-wild 
[info] 
